mode: set
github.com/nmarsollier/imagego/docs/docs.go:359.13,361.2 1 1
github.com/nmarsollier/imagego/image/dao.go:10.63,11.53 1 1
github.com/nmarsollier/imagego/image/dao.go:11.53,14.3 2 0
github.com/nmarsollier/imagego/image/dao.go:16.2,18.16 3 1
github.com/nmarsollier/imagego/image/dao.go:18.16,21.3 2 1
github.com/nmarsollier/imagego/image/dao.go:23.2,23.22 1 1
github.com/nmarsollier/imagego/image/dao.go:27.63,30.16 3 1
github.com/nmarsollier/imagego/image/dao.go:30.16,33.3 2 1
github.com/nmarsollier/imagego/image/dao.go:35.2,39.21 2 1
github.com/nmarsollier/imagego/image/resize.go:20.73,26.16 4 1
github.com/nmarsollier/imagego/image/resize.go:26.16,28.3 1 0
github.com/nmarsollier/imagego/image/resize.go:29.2,30.29 2 1
github.com/nmarsollier/imagego/image/resize.go:30.29,35.3 1 1
github.com/nmarsollier/imagego/image/resize.go:38.2,49.21 7 1
github.com/nmarsollier/imagego/image/resize.go:52.51,54.2 1 1
github.com/nmarsollier/imagego/image/schema.go:19.29,24.2 1 1
github.com/nmarsollier/imagego/image/schema.go:29.58,31.43 2 1
github.com/nmarsollier/imagego/image/schema.go:31.43,34.3 2 0
github.com/nmarsollier/imagego/image/schema.go:35.2,35.47 1 1
github.com/nmarsollier/imagego/image/schema.go:35.47,38.3 2 0
github.com/nmarsollier/imagego/image/schema.go:39.2,39.12 1 1
github.com/nmarsollier/imagego/image/service.go:11.73,12.15 1 1
github.com/nmarsollier/imagego/image/service.go:12.15,14.3 1 1
github.com/nmarsollier/imagego/image/service.go:16.2,20.40 3 1
github.com/nmarsollier/imagego/image/service.go:20.40,22.3 1 0
github.com/nmarsollier/imagego/image/service.go:23.2,23.16 1 1
github.com/nmarsollier/imagego/image/service.go:23.16,25.3 1 1
github.com/nmarsollier/imagego/image/service.go:27.2,27.45 1 1
github.com/nmarsollier/imagego/image/service.go:30.82,34.16 2 1
github.com/nmarsollier/imagego/image/service.go:34.16,36.3 1 0
github.com/nmarsollier/imagego/image/service.go:38.2,39.16 2 1
github.com/nmarsollier/imagego/image/service.go:39.16,41.3 1 0
github.com/nmarsollier/imagego/image/service.go:43.2,44.16 2 1
github.com/nmarsollier/imagego/image/service.go:44.16,46.3 1 0
github.com/nmarsollier/imagego/image/service.go:48.2,48.19 1 1
github.com/nmarsollier/imagego/image/test_tools.go:3.25,5.2 1 1
github.com/nmarsollier/imagego/image/test_tools.go:7.32,9.2 1 1
github.com/nmarsollier/imagego/image/test_tools.go:11.31,13.2 1 1
github.com/nmarsollier/imagego/log/logger.go:24.42,25.24 1 1
github.com/nmarsollier/imagego/log/logger.go:25.24,26.36 1 1
github.com/nmarsollier/imagego/log/logger.go:26.36,28.4 1 1
github.com/nmarsollier/imagego/log/logger.go:30.2,35.35 5 1
github.com/nmarsollier/imagego/log/logger.go:43.67,45.16 2 1
github.com/nmarsollier/imagego/log/logger.go:45.16,47.3 1 1
github.com/nmarsollier/imagego/log/logger.go:48.2,48.12 1 1
github.com/nmarsollier/imagego/log/logger.go:51.59,53.2 1 1
github.com/nmarsollier/imagego/log/logger.go:54.49,57.2 2 0
github.com/nmarsollier/imagego/log/logger.go:59.45,61.16 2 1
github.com/nmarsollier/imagego/log/logger.go:61.16,72.3 3 1
github.com/nmarsollier/imagego/log/logrus_logger.go:16.49,18.2 1 1
github.com/nmarsollier/imagego/log/logrus_logger.go:20.75,24.2 1 1
github.com/nmarsollier/imagego/log/logrus_logger.go:26.48,28.2 1 1
github.com/nmarsollier/imagego/log/logrus_logger.go:30.43,32.2 1 1
github.com/nmarsollier/imagego/log/logrus_logger_mocks.go:26.67,30.2 3 1
github.com/nmarsollier/imagego/log/logrus_logger_mocks.go:33.65,35.2 1 1
github.com/nmarsollier/imagego/log/logrus_logger_mocks.go:38.48,43.2 4 1
github.com/nmarsollier/imagego/log/logrus_logger_mocks.go:46.60,49.2 2 1
github.com/nmarsollier/imagego/log/logrus_logger_mocks.go:52.54,55.25 3 1
github.com/nmarsollier/imagego/log/logrus_logger_mocks.go:55.25,57.3 1 1
github.com/nmarsollier/imagego/log/logrus_logger_mocks.go:58.2,58.37 1 1
github.com/nmarsollier/imagego/log/logrus_logger_mocks.go:62.80,65.2 2 1
github.com/nmarsollier/imagego/log/logrus_logger_mocks.go:68.53,71.25 3 1
github.com/nmarsollier/imagego/log/logrus_logger_mocks.go:71.25,73.3 1 1
github.com/nmarsollier/imagego/log/logrus_logger_mocks.go:74.2,74.36 1 1
github.com/nmarsollier/imagego/log/logrus_logger_mocks.go:78.79,81.2 2 1
github.com/nmarsollier/imagego/log/logrus_logger_mocks.go:84.80,89.2 4 1
github.com/nmarsollier/imagego/log/logrus_logger_mocks.go:92.87,95.2 2 1
github.com/nmarsollier/imagego/log/test_tools.go:8.123,19.2 6 1
github.com/nmarsollier/imagego/main.go:17.13,20.2 2 0
github.com/nmarsollier/imagego/rabbit/consume_logout.go:26.13,27.12 1 0
github.com/nmarsollier/imagego/rabbit/consume_logout.go:27.12,28.7 1 0
github.com/nmarsollier/imagego/rabbit/consume_logout.go:28.7,32.4 3 0
github.com/nmarsollier/imagego/rabbit/consume_logout.go:36.27,44.16 3 0
github.com/nmarsollier/imagego/rabbit/consume_logout.go:44.16,47.3 2 0
github.com/nmarsollier/imagego/rabbit/consume_logout.go:48.2,51.16 3 0
github.com/nmarsollier/imagego/rabbit/consume_logout.go:51.16,54.3 2 0
github.com/nmarsollier/imagego/rabbit/consume_logout.go:55.2,66.16 3 0
github.com/nmarsollier/imagego/rabbit/consume_logout.go:66.16,69.3 2 0
github.com/nmarsollier/imagego/rabbit/consume_logout.go:71.2,79.16 2 0
github.com/nmarsollier/imagego/rabbit/consume_logout.go:79.16,82.3 2 0
github.com/nmarsollier/imagego/rabbit/consume_logout.go:84.2,90.16 2 0
github.com/nmarsollier/imagego/rabbit/consume_logout.go:90.16,93.3 2 0
github.com/nmarsollier/imagego/rabbit/consume_logout.go:95.2,104.16 2 0
github.com/nmarsollier/imagego/rabbit/consume_logout.go:104.16,107.3 2 0
github.com/nmarsollier/imagego/rabbit/consume_logout.go:109.2,111.12 2 0
github.com/nmarsollier/imagego/rabbit/consume_logout.go:111.12,112.22 1 0
github.com/nmarsollier/imagego/rabbit/consume_logout.go:112.22,118.18 5 0
github.com/nmarsollier/imagego/rabbit/consume_logout.go:118.18,121.5 2 0
github.com/nmarsollier/imagego/rabbit/consume_logout.go:121.10,123.5 1 0
github.com/nmarsollier/imagego/rabbit/consume_logout.go:127.2,129.12 2 0
github.com/nmarsollier/imagego/rabbit/consume_logout.go:137.42,140.21 2 0
github.com/nmarsollier/imagego/rabbit/consume_logout.go:140.21,142.3 1 0
github.com/nmarsollier/imagego/rabbit/consume_logout.go:144.2,144.14 1 0
github.com/nmarsollier/imagego/rest/get_image_id.go:24.23,26.2 1 1
github.com/nmarsollier/imagego/rest/get_image_id.go:28.32,31.16 2 1
github.com/nmarsollier/imagego/rest/get_image_id.go:31.16,34.3 2 1
github.com/nmarsollier/imagego/rest/get_image_id.go:36.2,36.19 1 1
github.com/nmarsollier/imagego/rest/get_image_id_jpeg.go:29.27,31.2 1 1
github.com/nmarsollier/imagego/rest/get_image_id_jpeg.go:33.36,35.16 2 1
github.com/nmarsollier/imagego/rest/get_image_id_jpeg.go:35.16,38.3 2 1
github.com/nmarsollier/imagego/rest/get_image_id_jpeg.go:40.2,41.16 2 1
github.com/nmarsollier/imagego/rest/get_image_id_jpeg.go:41.16,44.3 2 1
github.com/nmarsollier/imagego/rest/get_image_id_jpeg.go:46.2,46.40 1 1
github.com/nmarsollier/imagego/rest/get_image_id_jpeg.go:49.48,53.2 3 1
github.com/nmarsollier/imagego/rest/image_tools.go:10.53,16.16 5 1
github.com/nmarsollier/imagego/rest/image_tools.go:16.16,18.3 1 1
github.com/nmarsollier/imagego/rest/image_tools.go:20.2,20.18 1 1
github.com/nmarsollier/imagego/rest/image_tools.go:23.39,25.9 2 1
github.com/nmarsollier/imagego/rest/image_tools.go:25.9,27.3 1 1
github.com/nmarsollier/imagego/rest/image_tools.go:29.2,29.39 1 1
github.com/nmarsollier/imagego/rest/image_tools.go:33.48,34.20 1 1
github.com/nmarsollier/imagego/rest/image_tools.go:35.13,36.13 1 1
github.com/nmarsollier/imagego/rest/image_tools.go:37.13,38.13 1 1
github.com/nmarsollier/imagego/rest/image_tools.go:39.13,40.13 1 1
github.com/nmarsollier/imagego/rest/image_tools.go:41.13,42.13 1 1
github.com/nmarsollier/imagego/rest/image_tools.go:43.14,44.14 1 0
github.com/nmarsollier/imagego/rest/image_tools.go:45.14,46.14 1 0
github.com/nmarsollier/imagego/rest/image_tools.go:48.2,48.10 1 1
github.com/nmarsollier/imagego/rest/post_image.go:27.22,33.2 1 1
github.com/nmarsollier/imagego/rest/post_image.go:35.32,37.16 2 1
github.com/nmarsollier/imagego/rest/post_image.go:37.16,40.3 2 0
github.com/nmarsollier/imagego/rest/post_image.go:42.2,44.16 3 1
github.com/nmarsollier/imagego/rest/post_image.go:44.16,47.3 2 1
github.com/nmarsollier/imagego/rest/post_image.go:49.2,49.39 1 1
github.com/nmarsollier/imagego/rest/post_image.go:52.51,55.48 2 1
github.com/nmarsollier/imagego/rest/post_image.go:55.48,57.3 1 0
github.com/nmarsollier/imagego/rest/post_image.go:59.2,59.24 1 1
github.com/nmarsollier/imagego/rest/router.go:12.20,15.2 2 0
github.com/nmarsollier/imagego/rest/router.go:17.19,21.2 3 1
github.com/nmarsollier/imagego/rest/server/authorization.go:14.45,16.16 2 1
github.com/nmarsollier/imagego/rest/server/authorization.go:16.16,20.3 3 1
github.com/nmarsollier/imagego/rest/server/authorization.go:22.2,23.76 2 1
github.com/nmarsollier/imagego/rest/server/authorization.go:26.60,28.16 2 1
github.com/nmarsollier/imagego/rest/server/authorization.go:28.16,30.3 1 0
github.com/nmarsollier/imagego/rest/server/authorization.go:32.2,34.16 3 1
github.com/nmarsollier/imagego/rest/server/authorization.go:34.16,36.3 1 1
github.com/nmarsollier/imagego/rest/server/authorization.go:38.2,38.18 1 1
github.com/nmarsollier/imagego/rest/server/authorization.go:42.53,44.48 2 1
github.com/nmarsollier/imagego/rest/server/authorization.go:44.48,46.3 1 0
github.com/nmarsollier/imagego/rest/server/authorization.go:47.2,47.29 1 1
github.com/nmarsollier/imagego/rest/server/error.go:12.35,16.2 2 1
github.com/nmarsollier/imagego/rest/server/error.go:18.42,20.20 2 1
github.com/nmarsollier/imagego/rest/server/error.go:20.20,22.3 1 1
github.com/nmarsollier/imagego/rest/server/error.go:24.2,25.16 2 1
github.com/nmarsollier/imagego/rest/server/error.go:25.16,27.3 1 0
github.com/nmarsollier/imagego/rest/server/error.go:29.2,29.21 1 1
github.com/nmarsollier/imagego/rest/server/error.go:33.51,35.29 1 1
github.com/nmarsollier/imagego/rest/server/error.go:36.22,38.25 1 1
github.com/nmarsollier/imagego/rest/server/error.go:39.23,41.19 1 0
github.com/nmarsollier/imagego/rest/server/error.go:42.34,44.34 1 0
github.com/nmarsollier/imagego/rest/server/error.go:45.13,49.5 1 1
github.com/nmarsollier/imagego/rest/server/error.go:50.10,52.33 1 0
github.com/nmarsollier/imagego/rest/server/error.go:56.89,59.37 2 0
github.com/nmarsollier/imagego/rest/server/error.go:59.37,61.3 1 0
github.com/nmarsollier/imagego/rest/server/error.go:63.2,63.18 1 0
github.com/nmarsollier/imagego/rest/server/error.go:66.55,68.2 1 1
github.com/nmarsollier/imagego/rest/server/logger.go:9.71,15.2 1 1
github.com/nmarsollier/imagego/rest/server/logger.go:17.62,18.30 1 1
github.com/nmarsollier/imagego/rest/server/logger.go:18.30,24.36 4 1
github.com/nmarsollier/imagego/rest/server/logger.go:24.36,27.4 2 1
github.com/nmarsollier/imagego/rest/server/logger.go:31.48,33.12 2 1
github.com/nmarsollier/imagego/rest/server/logger.go:33.12,35.3 1 0
github.com/nmarsollier/imagego/rest/server/logger.go:36.2,36.33 1 1
github.com/nmarsollier/imagego/rest/server/logger.go:39.46,42.21 2 1
github.com/nmarsollier/imagego/rest/server/logger.go:42.21,44.3 1 1
github.com/nmarsollier/imagego/rest/server/logger.go:46.2,46.14 1 1
github.com/nmarsollier/imagego/rest/server/server.go:16.45,17.19 1 1
github.com/nmarsollier/imagego/rest/server/server.go:17.19,19.3 1 1
github.com/nmarsollier/imagego/rest/server/server.go:21.2,38.15 7 1
github.com/nmarsollier/imagego/rest/server/server.go:43.43,46.40 2 1
github.com/nmarsollier/imagego/rest/server/server.go:46.40,48.3 1 1
github.com/nmarsollier/imagego/rest/server/server.go:50.2,52.12 2 1
github.com/nmarsollier/imagego/rest/server/test_utils.go:16.49,19.18 3 1
github.com/nmarsollier/imagego/rest/server/test_utils.go:19.18,20.35 1 1
github.com/nmarsollier/imagego/rest/server/test_utils.go:20.35,23.4 2 1
github.com/nmarsollier/imagego/rest/server/test_utils.go:25.2,25.15 1 1
github.com/nmarsollier/imagego/rest/server/test_utils.go:30.97,32.26 2 1
github.com/nmarsollier/imagego/rest/server/test_utils.go:32.26,34.3 1 1
github.com/nmarsollier/imagego/rest/server/test_utils.go:35.2,36.15 2 1
github.com/nmarsollier/imagego/rest/server/test_utils.go:39.100,41.26 2 0
github.com/nmarsollier/imagego/rest/server/test_utils.go:41.26,43.3 1 0
github.com/nmarsollier/imagego/rest/server/test_utils.go:44.2,45.15 2 0
github.com/nmarsollier/imagego/rest/server/test_utils.go:48.116,52.26 3 1
github.com/nmarsollier/imagego/rest/server/test_utils.go:52.26,54.3 1 1
github.com/nmarsollier/imagego/rest/server/test_utils.go:55.2,56.15 2 1
github.com/nmarsollier/imagego/rest/server/test_utils.go:60.69,67.2 4 1
github.com/nmarsollier/imagego/rest/server/test_utils.go:69.73,75.2 4 1
github.com/nmarsollier/imagego/rest/server/test_utils.go:77.76,79.2 1 1
github.com/nmarsollier/imagego/rest/server/test_utils.go:81.72,83.2 1 0
github.com/nmarsollier/imagego/security/dao.go:14.70,17.16 2 1
github.com/nmarsollier/imagego/security/dao.go:17.16,20.3 2 0
github.com/nmarsollier/imagego/security/dao.go:21.2,22.85 2 1
github.com/nmarsollier/imagego/security/dao.go:22.85,24.3 1 1
github.com/nmarsollier/imagego/security/dao.go:26.2,27.42 2 1
github.com/nmarsollier/imagego/security/dao.go:27.42,30.3 2 1
github.com/nmarsollier/imagego/security/dao.go:31.2,35.16 4 1
github.com/nmarsollier/imagego/security/dao.go:35.16,38.3 2 1
github.com/nmarsollier/imagego/security/dao.go:40.2,41.46 2 1
github.com/nmarsollier/imagego/security/dao.go:41.46,44.3 2 0
github.com/nmarsollier/imagego/security/dao.go:45.2,45.18 1 1
github.com/nmarsollier/imagego/security/service.go:14.64,16.39 1 1
github.com/nmarsollier/imagego/security/service.go:16.39,17.36 1 0
github.com/nmarsollier/imagego/security/service.go:17.36,19.4 1 0
github.com/nmarsollier/imagego/security/service.go:22.2,23.16 2 1
github.com/nmarsollier/imagego/security/service.go:23.16,25.3 1 1
github.com/nmarsollier/imagego/security/service.go:28.2,30.18 2 1
github.com/nmarsollier/imagego/security/service.go:34.51,35.21 1 1
github.com/nmarsollier/imagego/security/service.go:35.21,38.3 2 0
github.com/nmarsollier/imagego/security/service.go:40.2,41.51 2 1
github.com/nmarsollier/imagego/security/test_utils.go:15.23,22.2 1 1
github.com/nmarsollier/imagego/security/test_utils.go:25.62,31.2 2 1
github.com/nmarsollier/imagego/security/test_utils.go:33.57,39.2 2 1
github.com/nmarsollier/imagego/tools/env/env.go:19.27,27.2 1 1
github.com/nmarsollier/imagego/tools/env/env.go:30.27,31.19 1 1
github.com/nmarsollier/imagego/tools/env/env.go:31.19,33.3 1 1
github.com/nmarsollier/imagego/tools/env/env.go:35.2,35.15 1 1
github.com/nmarsollier/imagego/tools/env/env.go:39.28,42.53 2 1
github.com/nmarsollier/imagego/tools/env/env.go:42.53,44.3 1 1
github.com/nmarsollier/imagego/tools/env/env.go:46.2,46.54 1 1
github.com/nmarsollier/imagego/tools/env/env.go:46.54,48.3 1 1
github.com/nmarsollier/imagego/tools/env/env.go:50.2,50.48 1 1
github.com/nmarsollier/imagego/tools/env/env.go:50.48,51.53 1 1
github.com/nmarsollier/imagego/tools/env/env.go:51.53,53.4 1 1
github.com/nmarsollier/imagego/tools/env/env.go:56.2,56.54 1 1
github.com/nmarsollier/imagego/tools/env/env.go:56.54,58.3 1 1
github.com/nmarsollier/imagego/tools/env/env.go:60.2,60.60 1 1
github.com/nmarsollier/imagego/tools/env/env.go:60.60,62.3 1 1
github.com/nmarsollier/imagego/tools/env/env.go:64.2,64.15 1 1
github.com/nmarsollier/imagego/tools/errs/rest_error.go:17.57,22.2 1 1
github.com/nmarsollier/imagego/tools/errs/rest_error.go:38.36,40.2 1 1
github.com/nmarsollier/imagego/tools/errs/rest_error.go:43.34,45.2 1 1
github.com/nmarsollier/imagego/tools/errs/validation.go:14.33,18.2 1 1
github.com/nmarsollier/imagego/tools/errs/validation.go:24.40,26.16 2 0
github.com/nmarsollier/imagego/tools/errs/validation.go:26.16,28.3 1 0
github.com/nmarsollier/imagego/tools/errs/validation.go:29.2,29.21 1 0
github.com/nmarsollier/imagego/tools/errs/validation.go:33.69,40.2 3 1
github.com/nmarsollier/imagego/tools/httpx/client.go:9.41,10.24 1 1
github.com/nmarsollier/imagego/tools/httpx/client.go:10.24,11.39 1 1
github.com/nmarsollier/imagego/tools/httpx/client.go:11.39,13.4 1 1
github.com/nmarsollier/imagego/tools/httpx/client.go:16.2,16.27 1 0
github.com/nmarsollier/imagego/tools/httpx/client_mocks.go:26.65,30.2 3 1
github.com/nmarsollier/imagego/tools/httpx/client_mocks.go:33.63,35.2 1 1
github.com/nmarsollier/imagego/tools/httpx/client_mocks.go:38.72,44.2 5 1
github.com/nmarsollier/imagego/tools/httpx/client_mocks.go:47.72,50.2 2 1
github.com/nmarsollier/imagego/tools/redisx/client.go:10.42,11.24 1 1
github.com/nmarsollier/imagego/tools/redisx/client.go:11.24,12.40 1 1
github.com/nmarsollier/imagego/tools/redisx/client.go:12.40,14.4 1 1
github.com/nmarsollier/imagego/tools/redisx/client.go:17.2,23.3 1 0
github.com/nmarsollier/imagego/tools/redisx/client.go:35.55,37.2 1 0
github.com/nmarsollier/imagego/tools/redisx/client.go:39.100,41.2 1 0
github.com/nmarsollier/imagego/tools/redisx/client_mocks.go:27.67,31.2 3 1
github.com/nmarsollier/imagego/tools/redisx/client_mocks.go:34.65,36.2 1 1
github.com/nmarsollier/imagego/tools/redisx/client_mocks.go:39.60,44.2 4 1
github.com/nmarsollier/imagego/tools/redisx/client_mocks.go:47.74,50.2 2 1
github.com/nmarsollier/imagego/tools/redisx/client_mocks.go:53.105,58.2 4 1
github.com/nmarsollier/imagego/tools/redisx/client_mocks.go:61.93,64.2 2 1
github.com/nmarsollier/imagego/tools/strs/json.go:5.37,8.2 2 1
