mode: set
github.com/nmarsollier/imagego/docs/docs.go:338.13,340.2 1 1
github.com/nmarsollier/imagego/image/dao.go:10.63,11.47 1 1
github.com/nmarsollier/imagego/image/dao.go:11.47,14.3 2 0
github.com/nmarsollier/imagego/image/dao.go:16.2,18.16 3 1
github.com/nmarsollier/imagego/image/dao.go:18.16,21.3 2 1
github.com/nmarsollier/imagego/image/dao.go:23.2,23.22 1 1
github.com/nmarsollier/imagego/image/dao.go:27.63,30.16 3 1
github.com/nmarsollier/imagego/image/dao.go:30.16,33.3 2 1
github.com/nmarsollier/imagego/image/dao.go:35.2,39.21 2 1
github.com/nmarsollier/imagego/image/resize.go:20.53,26.16 4 1
github.com/nmarsollier/imagego/image/resize.go:26.16,28.3 1 0
github.com/nmarsollier/imagego/image/resize.go:29.2,30.29 2 1
github.com/nmarsollier/imagego/image/resize.go:30.29,35.3 1 1
github.com/nmarsollier/imagego/image/resize.go:38.2,49.21 7 1
github.com/nmarsollier/imagego/image/resize.go:52.51,54.2 1 1
github.com/nmarsollier/imagego/image/schema.go:19.29,24.2 1 1
github.com/nmarsollier/imagego/image/schema.go:29.40,31.43 2 1
github.com/nmarsollier/imagego/image/schema.go:31.43,34.3 2 0
github.com/nmarsollier/imagego/image/schema.go:35.2,35.47 1 1
github.com/nmarsollier/imagego/image/schema.go:35.47,38.3 2 0
github.com/nmarsollier/imagego/image/schema.go:39.2,39.12 1 1
github.com/nmarsollier/imagego/image/service.go:11.73,12.15 1 1
github.com/nmarsollier/imagego/image/service.go:12.15,14.3 1 1
github.com/nmarsollier/imagego/image/service.go:16.2,20.40 3 1
github.com/nmarsollier/imagego/image/service.go:20.40,22.3 1 0
github.com/nmarsollier/imagego/image/service.go:23.2,23.16 1 1
github.com/nmarsollier/imagego/image/service.go:23.16,25.3 1 1
github.com/nmarsollier/imagego/image/service.go:27.2,27.45 1 1
github.com/nmarsollier/imagego/image/service.go:30.82,34.16 2 1
github.com/nmarsollier/imagego/image/service.go:34.16,36.3 1 0
github.com/nmarsollier/imagego/image/service.go:38.2,39.16 2 1
github.com/nmarsollier/imagego/image/service.go:39.16,41.3 1 0
github.com/nmarsollier/imagego/image/service.go:43.2,44.16 2 1
github.com/nmarsollier/imagego/image/service.go:44.16,46.3 1 0
github.com/nmarsollier/imagego/image/service.go:48.2,48.19 1 1
github.com/nmarsollier/imagego/main.go:19.13,27.2 5 0
github.com/nmarsollier/imagego/rabbit/consume_logout.go:25.13,26.12 1 0
github.com/nmarsollier/imagego/rabbit/consume_logout.go:26.12,27.7 1 0
github.com/nmarsollier/imagego/rabbit/consume_logout.go:27.7,31.4 3 0
github.com/nmarsollier/imagego/rabbit/consume_logout.go:35.27,37.16 2 0
github.com/nmarsollier/imagego/rabbit/consume_logout.go:37.16,40.3 2 0
github.com/nmarsollier/imagego/rabbit/consume_logout.go:41.2,44.16 3 0
github.com/nmarsollier/imagego/rabbit/consume_logout.go:44.16,47.3 2 0
github.com/nmarsollier/imagego/rabbit/consume_logout.go:48.2,59.16 3 0
github.com/nmarsollier/imagego/rabbit/consume_logout.go:59.16,62.3 2 0
github.com/nmarsollier/imagego/rabbit/consume_logout.go:64.2,72.16 2 0
github.com/nmarsollier/imagego/rabbit/consume_logout.go:72.16,75.3 2 0
github.com/nmarsollier/imagego/rabbit/consume_logout.go:77.2,83.16 2 0
github.com/nmarsollier/imagego/rabbit/consume_logout.go:83.16,86.3 2 0
github.com/nmarsollier/imagego/rabbit/consume_logout.go:88.2,97.16 2 0
github.com/nmarsollier/imagego/rabbit/consume_logout.go:97.16,100.3 2 0
github.com/nmarsollier/imagego/rabbit/consume_logout.go:102.2,104.12 2 0
github.com/nmarsollier/imagego/rabbit/consume_logout.go:104.12,105.22 1 0
github.com/nmarsollier/imagego/rabbit/consume_logout.go:105.22,111.18 5 0
github.com/nmarsollier/imagego/rabbit/consume_logout.go:111.18,112.36 1 0
github.com/nmarsollier/imagego/rabbit/consume_logout.go:112.36,114.6 1 0
github.com/nmarsollier/imagego/rabbit/consume_logout.go:115.10,117.5 1 0
github.com/nmarsollier/imagego/rabbit/consume_logout.go:121.2,123.12 2 0
github.com/nmarsollier/imagego/rest/get_image_id.go:23.23,25.2 1 1
github.com/nmarsollier/imagego/rest/get_image_id.go:27.32,30.16 2 1
github.com/nmarsollier/imagego/rest/get_image_id.go:30.16,33.3 2 1
github.com/nmarsollier/imagego/rest/get_image_id.go:35.2,35.19 1 1
github.com/nmarsollier/imagego/rest/get_image_id_jpeg.go:28.27,30.2 1 1
github.com/nmarsollier/imagego/rest/get_image_id_jpeg.go:32.36,34.16 2 1
github.com/nmarsollier/imagego/rest/get_image_id_jpeg.go:34.16,37.3 2 1
github.com/nmarsollier/imagego/rest/get_image_id_jpeg.go:39.2,40.16 2 1
github.com/nmarsollier/imagego/rest/get_image_id_jpeg.go:40.16,43.3 2 1
github.com/nmarsollier/imagego/rest/get_image_id_jpeg.go:45.2,45.40 1 1
github.com/nmarsollier/imagego/rest/get_image_id_jpeg.go:48.48,52.2 3 1
github.com/nmarsollier/imagego/rest/image_tools.go:10.53,16.16 5 1
github.com/nmarsollier/imagego/rest/image_tools.go:16.16,18.3 1 1
github.com/nmarsollier/imagego/rest/image_tools.go:20.2,20.18 1 1
github.com/nmarsollier/imagego/rest/image_tools.go:23.39,25.9 2 1
github.com/nmarsollier/imagego/rest/image_tools.go:25.9,27.3 1 1
github.com/nmarsollier/imagego/rest/image_tools.go:29.2,29.39 1 1
github.com/nmarsollier/imagego/rest/image_tools.go:33.48,34.20 1 1
github.com/nmarsollier/imagego/rest/image_tools.go:35.13,36.13 1 1
github.com/nmarsollier/imagego/rest/image_tools.go:37.13,38.13 1 0
github.com/nmarsollier/imagego/rest/image_tools.go:39.13,40.13 1 0
github.com/nmarsollier/imagego/rest/image_tools.go:41.13,42.13 1 0
github.com/nmarsollier/imagego/rest/image_tools.go:43.14,44.14 1 0
github.com/nmarsollier/imagego/rest/image_tools.go:45.14,46.14 1 0
github.com/nmarsollier/imagego/rest/image_tools.go:48.2,48.10 1 1
github.com/nmarsollier/imagego/rest/post_image.go:26.22,32.2 1 1
github.com/nmarsollier/imagego/rest/post_image.go:34.32,36.16 2 1
github.com/nmarsollier/imagego/rest/post_image.go:36.16,39.3 2 0
github.com/nmarsollier/imagego/rest/post_image.go:41.2,43.16 3 1
github.com/nmarsollier/imagego/rest/post_image.go:43.16,46.3 2 1
github.com/nmarsollier/imagego/rest/post_image.go:48.2,48.39 1 1
github.com/nmarsollier/imagego/rest/post_image.go:51.51,54.48 2 1
github.com/nmarsollier/imagego/rest/post_image.go:54.48,56.3 1 0
github.com/nmarsollier/imagego/rest/post_image.go:58.2,58.24 1 1
github.com/nmarsollier/imagego/rest/router.go:12.20,14.2 1 0
github.com/nmarsollier/imagego/rest/router.go:16.19,20.2 3 1
github.com/nmarsollier/imagego/rest/server/auth_validator.go:13.45,14.41 1 1
github.com/nmarsollier/imagego/rest/server/auth_validator.go:14.41,18.3 3 0
github.com/nmarsollier/imagego/rest/server/auth_validator.go:21.42,23.16 2 1
github.com/nmarsollier/imagego/rest/server/auth_validator.go:23.16,25.3 1 0
github.com/nmarsollier/imagego/rest/server/auth_validator.go:27.2,28.65 2 1
github.com/nmarsollier/imagego/rest/server/auth_validator.go:28.65,30.3 1 0
github.com/nmarsollier/imagego/rest/server/auth_validator.go:32.2,32.12 1 1
github.com/nmarsollier/imagego/rest/server/auth_validator.go:36.53,38.48 2 1
github.com/nmarsollier/imagego/rest/server/auth_validator.go:38.48,40.3 1 0
github.com/nmarsollier/imagego/rest/server/auth_validator.go:41.2,41.29 1 1
github.com/nmarsollier/imagego/rest/server/engine.go:16.27,17.19 1 1
github.com/nmarsollier/imagego/rest/server/engine.go:17.19,19.3 1 1
github.com/nmarsollier/imagego/rest/server/engine.go:24.2,40.15 6 1
github.com/nmarsollier/imagego/rest/server/error_handler.go:12.35,16.2 2 1
github.com/nmarsollier/imagego/rest/server/error_handler.go:18.42,20.20 2 1
github.com/nmarsollier/imagego/rest/server/error_handler.go:20.20,22.3 1 1
github.com/nmarsollier/imagego/rest/server/error_handler.go:24.2,25.16 2 1
github.com/nmarsollier/imagego/rest/server/error_handler.go:25.16,27.3 1 0
github.com/nmarsollier/imagego/rest/server/error_handler.go:29.2,29.21 1 1
github.com/nmarsollier/imagego/rest/server/error_handler.go:33.51,35.29 1 1
github.com/nmarsollier/imagego/rest/server/error_handler.go:36.22,38.25 1 1
github.com/nmarsollier/imagego/rest/server/error_handler.go:39.23,41.19 1 0
github.com/nmarsollier/imagego/rest/server/error_handler.go:42.34,44.34 1 0
github.com/nmarsollier/imagego/rest/server/error_handler.go:45.13,49.5 1 1
github.com/nmarsollier/imagego/rest/server/error_handler.go:50.10,52.33 1 0
github.com/nmarsollier/imagego/rest/server/error_handler.go:56.89,59.37 2 0
github.com/nmarsollier/imagego/rest/server/error_handler.go:59.37,61.3 1 0
github.com/nmarsollier/imagego/rest/server/error_handler.go:63.2,63.18 1 0
github.com/nmarsollier/imagego/rest/server/error_handler.go:66.55,68.2 1 1
github.com/nmarsollier/imagego/rest/server/test_utils.go:9.49,12.18 3 1
github.com/nmarsollier/imagego/rest/server/test_utils.go:12.18,13.35 1 1
github.com/nmarsollier/imagego/rest/server/test_utils.go:13.35,16.4 2 1
github.com/nmarsollier/imagego/rest/server/test_utils.go:18.2,18.15 1 1
github.com/nmarsollier/imagego/rest/server/test_utils.go:23.44,25.40 2 1
github.com/nmarsollier/imagego/rest/server/test_utils.go:25.40,27.3 1 1
github.com/nmarsollier/imagego/rest/server/test_utils.go:28.2,28.12 1 1
github.com/nmarsollier/imagego/security/dao.go:14.70,17.16 2 1
github.com/nmarsollier/imagego/security/dao.go:17.16,20.3 2 0
github.com/nmarsollier/imagego/security/dao.go:21.2,23.42 3 1
github.com/nmarsollier/imagego/security/dao.go:23.42,26.3 2 0
github.com/nmarsollier/imagego/security/dao.go:27.2,31.16 4 1
github.com/nmarsollier/imagego/security/dao.go:31.16,34.3 2 0
github.com/nmarsollier/imagego/security/dao.go:36.2,37.46 2 1
github.com/nmarsollier/imagego/security/dao.go:37.46,40.3 2 0
github.com/nmarsollier/imagego/security/dao.go:41.2,41.18 1 1
github.com/nmarsollier/imagego/security/service.go:22.64,24.39 1 1
github.com/nmarsollier/imagego/security/service.go:24.39,25.36 1 0
github.com/nmarsollier/imagego/security/service.go:25.36,27.4 1 0
github.com/nmarsollier/imagego/security/service.go:30.2,31.16 2 1
github.com/nmarsollier/imagego/security/service.go:31.16,33.3 1 0
github.com/nmarsollier/imagego/security/service.go:36.2,38.18 2 1
github.com/nmarsollier/imagego/security/service.go:42.31,45.2 2 0
github.com/nmarsollier/imagego/tools/env/env.go:18.27,25.2 1 1
github.com/nmarsollier/imagego/tools/env/env.go:28.27,29.19 1 1
github.com/nmarsollier/imagego/tools/env/env.go:29.19,31.3 1 1
github.com/nmarsollier/imagego/tools/env/env.go:33.2,33.15 1 1
github.com/nmarsollier/imagego/tools/env/env.go:37.28,40.53 2 1
github.com/nmarsollier/imagego/tools/env/env.go:40.53,42.3 1 0
github.com/nmarsollier/imagego/tools/env/env.go:44.2,44.54 1 1
github.com/nmarsollier/imagego/tools/env/env.go:44.54,46.3 1 0
github.com/nmarsollier/imagego/tools/env/env.go:48.2,48.48 1 1
github.com/nmarsollier/imagego/tools/env/env.go:48.48,49.53 1 0
github.com/nmarsollier/imagego/tools/env/env.go:49.53,51.4 1 0
github.com/nmarsollier/imagego/tools/env/env.go:54.2,54.60 1 1
github.com/nmarsollier/imagego/tools/env/env.go:54.60,56.3 1 0
github.com/nmarsollier/imagego/tools/env/env.go:58.2,58.15 1 1
github.com/nmarsollier/imagego/tools/errs/rest_error.go:17.57,22.2 1 1
github.com/nmarsollier/imagego/tools/errs/rest_error.go:38.36,40.2 1 1
github.com/nmarsollier/imagego/tools/errs/rest_error.go:43.34,45.2 1 1
github.com/nmarsollier/imagego/tools/errs/validation.go:16.33,20.2 1 1
github.com/nmarsollier/imagego/tools/errs/validation.go:26.40,28.16 2 0
github.com/nmarsollier/imagego/tools/errs/validation.go:28.16,31.3 2 0
github.com/nmarsollier/imagego/tools/errs/validation.go:32.2,32.21 1 0
github.com/nmarsollier/imagego/tools/errs/validation.go:36.69,43.2 3 1
github.com/nmarsollier/imagego/tools/http_client/client.go:9.41,10.24 1 1
github.com/nmarsollier/imagego/tools/http_client/client.go:10.24,11.39 1 1
github.com/nmarsollier/imagego/tools/http_client/client.go:11.39,13.4 1 1
github.com/nmarsollier/imagego/tools/http_client/client.go:16.2,16.27 1 0
github.com/nmarsollier/imagego/tools/http_client/client_mocks.go:26.65,30.2 3 1
github.com/nmarsollier/imagego/tools/http_client/client_mocks.go:33.63,35.2 1 1
github.com/nmarsollier/imagego/tools/http_client/client_mocks.go:38.72,44.2 5 1
github.com/nmarsollier/imagego/tools/http_client/client_mocks.go:47.72,50.2 2 1
github.com/nmarsollier/imagego/tools/redis_client/client.go:10.42,11.24 1 1
github.com/nmarsollier/imagego/tools/redis_client/client.go:11.24,12.40 1 1
github.com/nmarsollier/imagego/tools/redis_client/client.go:12.40,14.4 1 1
github.com/nmarsollier/imagego/tools/redis_client/client.go:17.2,23.3 1 0
github.com/nmarsollier/imagego/tools/redis_client/client.go:35.55,37.2 1 0
github.com/nmarsollier/imagego/tools/redis_client/client.go:39.100,41.2 1 0
github.com/nmarsollier/imagego/tools/redis_client/client_mocks.go:27.67,31.2 3 1
github.com/nmarsollier/imagego/tools/redis_client/client_mocks.go:34.65,36.2 1 1
github.com/nmarsollier/imagego/tools/redis_client/client_mocks.go:39.60,44.2 4 1
github.com/nmarsollier/imagego/tools/redis_client/client_mocks.go:47.74,50.2 2 1
github.com/nmarsollier/imagego/tools/redis_client/client_mocks.go:53.105,58.2 4 1
github.com/nmarsollier/imagego/tools/redis_client/client_mocks.go:61.93,64.2 2 1
github.com/nmarsollier/imagego/tools/str_tools/json_tools.go:5.37,8.2 2 1
github.com/nmarsollier/imagego/tools/tests/data.go:10.32,17.2 1 1
github.com/nmarsollier/imagego/tools/tests/data.go:19.31,21.2 1 1
github.com/nmarsollier/imagego/tools/tests/data.go:23.38,25.2 1 1
github.com/nmarsollier/imagego/tools/tests/data.go:27.37,29.2 1 1
github.com/nmarsollier/imagego/tools/tests/http.go:14.77,20.2 2 1
github.com/nmarsollier/imagego/tools/tests/http.go:22.63,28.2 2 0
github.com/nmarsollier/imagego/tools/tests/rest.go:15.97,17.26 2 1
github.com/nmarsollier/imagego/tools/tests/rest.go:17.26,19.3 1 1
github.com/nmarsollier/imagego/tools/tests/rest.go:20.2,21.15 2 1
github.com/nmarsollier/imagego/tools/tests/rest.go:24.100,26.26 2 0
github.com/nmarsollier/imagego/tools/tests/rest.go:26.26,28.3 1 0
github.com/nmarsollier/imagego/tools/tests/rest.go:29.2,30.15 2 0
github.com/nmarsollier/imagego/tools/tests/rest.go:33.116,37.26 3 1
github.com/nmarsollier/imagego/tools/tests/rest.go:37.26,39.3 1 1
github.com/nmarsollier/imagego/tools/tests/rest.go:40.2,41.15 2 1
github.com/nmarsollier/imagego/tools/tests/rest.go:45.69,52.2 4 0
github.com/nmarsollier/imagego/tools/tests/rest.go:54.73,60.2 4 1
github.com/nmarsollier/imagego/tools/tests/rest.go:62.76,64.2 1 1
github.com/nmarsollier/imagego/tools/tests/rest.go:66.72,68.2 1 0
